<?xml version="1.0" encoding="UTF-8"?>
<!-- Generated by org.testng.reporters.JUnitXMLReporter -->
<testsuite ignored="0" hostname="DESKTOP-SEKDPB4" failures="0" tests="6" name="ChromeTest" time="170.362" errors="0" timestamp="2024-10-11T02:49:31 IST">
  <testcase classname="test.VerifySignInPage" name="verifySuccessfullLogin" time="8.751"/>
  <testcase classname="test.VerifySignInPage" name="verifyWrongPasswordErrorMessage" time="1.717"/>
  <testcase classname="test.VerifySignInPage" name="verifyWrongUserID" time="0.74"/>
  <testcase classname="test.ValidateCartAndBuy" name="verifyAddToCard" time="75.177"/>
  <testcase classname="test.ValidateCartAndBuy" name="verifyAddToCardWithMultipleQuantity" time="18.338"/>
  <testcase classname="test.ValidateCartAndBuy" name="verifyAddToWishList" time="16.028"/>
</testsuite> <!-- ChromeTest -->
