<?xml version="1.0" encoding="UTF-8"?>
<!-- Generated by org.testng.reporters.JUnitXMLReporter -->
<testsuite ignored="1" hostname="DESKTOP-SEKDPB4" failures="1" tests="3" name="EdgeTest" time="54.538" errors="0" timestamp="2024-10-10T19:25:28 IST">
  <testcase classname="test.ValidateCartAndBuy" name="verifyBuyProduct" time="18.712">
    <failure type="java.lang.NumberFormatException" message="For input string: &amp;quot;42,999&amp;quot;">
      <![CDATA[java.lang.NumberFormatException: For input string: "42,999"
at java.base/java.lang.NumberFormatException.forInputString(NumberFormatException.java:67)
at java.base/java.lang.Integer.parseInt(Integer.java:662)
at java.base/java.lang.Integer.parseInt(Integer.java:778)
at pom.pages.ProductDetailsPage.getProductPrice(ProductDetailsPage.java:42)
at test.ValidateCartAndBuy.verifyBuyProduct(ValidateCartAndBuy.java:130)
at java.base/java.util.ArrayList.forEach(ArrayList.java:1596)
... Removed 25 stack frames]]>
    </failure>
  </testcase> <!-- verifyBuyProduct -->
  <testcase classname="test.VerifySignInPage" name="verifyLogin" time="1.255"/>
  <testcase classname="test.VerifySignInPage" name="verifySignUp" time="0.0">
    <skipped/>
  </testcase> <!-- verifySignUp -->
  <testcase classname="test.ValidateCartAndBuy" name="verifyAddToCard" time="0.0">
    <ignored/>
  </testcase> <!-- verifyAddToCard -->
</testsuite> <!-- EdgeTest -->
