<?xml version="1.0" encoding="UTF-8"?>
<!-- Generated by org.testng.reporters.JUnitXMLReporter -->
<testsuite ignored="1" hostname="DESKTOP-SEKDPB4" failures="0" tests="3" name="FirefoxeTest" time="32.14" errors="0" timestamp="2024-10-10T20:05:52 IST">
  <testcase classname="test.VerifySignInPage" name="verifyLogin" time="0.0">
    <skipped/>
  </testcase> <!-- verifyLogin -->
  <testcase classname="test.VerifySignInPage" name="verifySignUp" time="0.0">
    <skipped/>
  </testcase> <!-- verifySignUp -->
  <testcase classname="test.ValidateCartAndBuy" name="verifyBuyProduct" time="0.001">
    <skipped/>
  </testcase> <!-- verifyBuyProduct -->
  <testcase classname="test.ValidateCartAndBuy" name="verifyAddToCard" time="0.0">
    <ignored/>
  </testcase> <!-- verifyAddToCard -->
</testsuite> <!-- FirefoxeTest -->
